Copyright 1986-2018 Xilinx, Inc. All Rights Reserved.
-------------------------------------------------------------------------------------------
| Tool Version      : Vivado v.2018.1 (win64) Build 2188600 Wed Apr  4 18:40:38 MDT 2018
| Date              : Tue Apr 10 13:29:36 2018
| Host              : XHDJAYESHK30 running 64-bit Service Pack 1  (build 7601)
| Command           : report_clock_utilization -file wave_gen_clock_utilization_routed.rpt
| Design            : wave_gen
| Device            : xcku040-ffva1156
| Speed File        : -2  PRODUCTION 1.24.01 01-12-2017
| Temperature Grade : E
-------------------------------------------------------------------------------------------

Clock Utilization Report

Table of Contents
-----------------
1. Clock Primitive Utilization
2. Global Clock Resources
3. Global Clock Source Details
4. Clock Regions : Clock Primitives
5. Clock Regions : Load Primitives
6. Clock Regions : Global Clock Summary
7. Clock Regions : Routing Resource Utilization
8. Device Cell Placement Summary for Global Clock g0
9. Device Cell Placement Summary for Global Clock g1
10. Device Cell Placement Summary for Global Clock g2
11. Clock Region Cell Placement per Global Clock: Region X1Y0
12. Clock Region Cell Placement per Global Clock: Region X2Y0
13. Clock Region Cell Placement per Global Clock: Region X1Y1
14. Clock Region Cell Placement per Global Clock: Region X2Y1
15. Clock Region Cell Placement per Global Clock: Region X0Y2
16. Clock Region Cell Placement per Global Clock: Region X1Y2
17. Clock Region Cell Placement per Global Clock: Region X2Y2
18. Clock Region Cell Placement per Global Clock: Region X1Y3
19. Clock Region Cell Placement per Global Clock: Region X0Y4
20. Clock Region Cell Placement per Global Clock: Region X1Y4

1. Clock Primitive Utilization
------------------------------

+------------+------+-----------+-----+--------------+--------+
| Type       | Used | Available | LOC | Clock Region | Pblock |
+------------+------+-----------+-----+--------------+--------+
| BUFGCE     |    3 |       240 |   0 |            1 |      0 |
| BUFGCE_DIV |    0 |        40 |   0 |            0 |      0 |
| BUFGCTRL   |    0 |        80 |   0 |            0 |      0 |
| BUFG_GT    |    0 |       120 |   0 |            0 |      0 |
| MMCM       |    1 |        10 |   0 |            0 |      0 |
| PLL        |    0 |        20 |   0 |            0 |      0 |
+------------+------+-----------+-----+--------------+--------+


2. Global Clock Resources
-------------------------

+-----------+-----------+-----------------+------------+--------------+--------------+-----------+-------------------+-------------------+-------------+-----------------+--------------+-------------------+-------------------------------------------+--------------------------------------+
| Global Id | Source Id | Driver Type/Pin | Constraint | Site         | Clock Region | Root      | Clock Delay Group | Load Clock Region | Clock Loads | Non-Clock Loads | Clock Period | Clock             | Driver Pin                                | Net                                  |
+-----------+-----------+-----------------+------------+--------------+--------------+-----------+-------------------+-------------------+-------------+-----------------+--------------+-------------------+-------------------------------------------+--------------------------------------+
| g0        | src0      | BUFGCE/O        | None       | BUFGCE_X0Y26 | X0Y1         | X1Y1      |                   |                 4 |         305 |               0 |        4.999 | clk_out1_clk_core | clk_gen_i0/clk_core_i0/inst/clkout1_buf/O | clk_gen_i0/clk_core_i0/inst/clk_out1 |
| g1        | src0      | BUFGCE/O        | None       | BUFGCE_X0Y32 | X0Y1         | X0Y1,X1Y2 |                   |                 9 |         156 |               0 |        5.161 | clk_out2_clk_core | clk_gen_i0/clk_core_i0/inst/clkout2_buf/O | clk_gen_i0/clk_core_i0/inst/clk_out2 |
| g2        | src1      | BUFGCE/O        | X0Y1       | BUFGCE_X0Y38 | X0Y1         | X1Y2      |                   |                 2 |          52 |               0 |      165.145 | clk_samp          | clk_gen_i0/BUFGCE_clk_samp_i0/O           | clk_gen_i0/clk_samp                  |
+-----------+-----------+-----------------+------------+--------------+--------------+-----------+-------------------+-------------------+-------------+-----------------+--------------+-------------------+-------------------------------------------+--------------------------------------+
* Clock Loads column represents the clock pin loads (pin count)
** Non-Clock Loads column represents the non-clock pin loads (pin count)


3. Global Clock Source Details
------------------------------

+-----------+-----------+--------------------+------------+-----------------+--------------+-------------+-----------------+---------------------+-------------------+-----------------------------------------------------+-----------------------------------------------+
| Source Id | Global Id | Driver Type/Pin    | Constraint | Site            | Clock Region | Clock Loads | Non-Clock Loads | Source Clock Period | Source Clock      | Driver Pin                                          | Net                                           |
+-----------+-----------+--------------------+------------+-----------------+--------------+-------------+-----------------+---------------------+-------------------+-----------------------------------------------------+-----------------------------------------------+
| src0      | g0        | MMCME3_ADV/CLKOUT0 | None       | MMCME3_ADV_X0Y1 | X0Y1         |           1 |               0 |               4.999 | clk_out1_clk_core | clk_gen_i0/clk_core_i0/inst/mmcme3_adv_inst/CLKOUT0 | clk_gen_i0/clk_core_i0/inst/clk_out1_clk_core |
| src0      | g1        | MMCME3_ADV/CLKOUT1 | None       | MMCME3_ADV_X0Y1 | X0Y1         |           1 |               0 |               5.161 | clk_out2_clk_core | clk_gen_i0/clk_core_i0/inst/mmcme3_adv_inst/CLKOUT1 | clk_gen_i0/clk_core_i0/inst/clk_out2_clk_core |
| src1      | g2        | BUFGCE/O           | None       | BUFGCE_X0Y32    | X0Y1         |         156 |               0 |               5.161 | clk_out2_clk_core | clk_gen_i0/clk_core_i0/inst/clkout2_buf/O           | clk_gen_i0/clk_core_i0/inst/clk_out2          |
+-----------+-----------+--------------------+------------+-----------------+--------------+-------------+-----------------+---------------------+-------------------+-----------------------------------------------------+-----------------------------------------------+
* Clock Loads column represents the clock pin loads (pin count)
** Non-Clock Loads column represents the non-clock pin loads (pin count)


4. Clock Regions : Clock Primitives
-----------------------------------

+-------------------+--------------+--------------+--------------+--------------+--------------+--------------+--------------+
|                   | Global Clock |    BUFGCE    |  BUFGCE_DIV  |   BUFGCTRL   |    BUFG_GT   |     MMCM     |      PLL     |
+-------------------+------+-------+------+-------+------+-------+------+-------+------+-------+------+-------+------+-------+
| Clock Region Name | Used | Avail | Used | Avail | Used | Avail | Used | Avail | Used | Avail | Used | Avail | Used | Avail |
+-------------------+------+-------+------+-------+------+-------+------+-------+------+-------+------+-------+------+-------+
| X0Y0              |    0 |    24 |    0 |    24 |    0 |     4 |    0 |     8 |    0 |     0 |    0 |     1 |    0 |     2 |
| X1Y0              |    1 |    24 |    0 |     0 |    0 |     0 |    0 |     0 |    0 |     0 |    0 |     0 |    0 |     0 |
| X2Y0              |    1 |    24 |    0 |    24 |    0 |     4 |    0 |     8 |    0 |     0 |    0 |     1 |    0 |     2 |
| X3Y0              |    0 |    24 |    0 |     0 |    0 |     0 |    0 |     0 |    0 |    24 |    0 |     0 |    0 |     0 |
| X0Y1              |    3 |    24 |    3 |    24 |    0 |     4 |    0 |     8 |    0 |     0 |    1 |     1 |    0 |     2 |
| X1Y1              |    3 |    24 |    0 |     0 |    0 |     0 |    0 |     0 |    0 |     0 |    0 |     0 |    0 |     0 |
| X2Y1              |    2 |    24 |    0 |    24 |    0 |     4 |    0 |     8 |    0 |     0 |    0 |     1 |    0 |     2 |
| X3Y1              |    0 |    24 |    0 |     0 |    0 |     0 |    0 |     0 |    0 |    24 |    0 |     0 |    0 |     0 |
| X0Y2              |    1 |    24 |    0 |    24 |    0 |     4 |    0 |     8 |    0 |     0 |    0 |     1 |    0 |     2 |
| X1Y2              |    3 |    24 |    0 |     0 |    0 |     0 |    0 |     0 |    0 |     0 |    0 |     0 |    0 |     0 |
| X2Y2              |    3 |    24 |    0 |    24 |    0 |     4 |    0 |     8 |    0 |     0 |    0 |     1 |    0 |     2 |
| X3Y2              |    0 |    24 |    0 |     0 |    0 |     0 |    0 |     0 |    0 |    24 |    0 |     0 |    0 |     0 |
| X0Y3              |    0 |    24 |    0 |    24 |    0 |     4 |    0 |     8 |    0 |     0 |    0 |     1 |    0 |     2 |
| X1Y3              |    1 |    24 |    0 |     0 |    0 |     0 |    0 |     0 |    0 |     0 |    0 |     0 |    0 |     0 |
| X2Y3              |    0 |    24 |    0 |    24 |    0 |     4 |    0 |     8 |    0 |     0 |    0 |     1 |    0 |     2 |
| X3Y3              |    0 |    24 |    0 |     0 |    0 |     0 |    0 |     0 |    0 |    24 |    0 |     0 |    0 |     0 |
| X0Y4              |    1 |    24 |    0 |    24 |    0 |     4 |    0 |     8 |    0 |     0 |    0 |     1 |    0 |     2 |
| X1Y4              |    1 |    24 |    0 |     0 |    0 |     0 |    0 |     0 |    0 |     0 |    0 |     0 |    0 |     0 |
| X2Y4              |    0 |    24 |    0 |    24 |    0 |     4 |    0 |     8 |    0 |     0 |    0 |     1 |    0 |     2 |
| X3Y4              |    0 |    24 |    0 |     0 |    0 |     0 |    0 |     0 |    0 |    24 |    0 |     0 |    0 |     0 |
+-------------------+------+-------+------+-------+------+-------+------+-------+------+-------+------+-------+------+-------+
* Global Clock column represents track count; while other columns represents cell counts


5. Clock Regions : Load Primitives
----------------------------------

+-------------------+------------------+------------------+------------------+------------------+------------------+------------------+------------------+
|                   |   Global Clock   |        FF        |      LUTRAM      |  Block RAM (18K) |        DSP       |        GT        |      HARD IP     |
+-------------------+--------+---------+--------+---------+--------+---------+--------+---------+--------+---------+--------+---------+--------+---------+
| Clock Region Name | Used   | Avail   | Used   | Avail   | Used   | Avail   | Used   | Avail   | Used   | Avail   | Used   | Avail   | Used   | Avail   |
+-------------------+--------+---------+--------+---------+--------+---------+--------+---------+--------+---------+--------+---------+--------+---------+
| X0Y0              |      0 |      24 |      0 |   23040 |      0 |    5760 |      0 |      72 |      0 |      96 |      0 |       0 |      0 |       0 |
| X1Y0              |      1 |      24 |      0 |   24000 |      0 |    6240 |      0 |      72 |      0 |      96 |      0 |       0 |      0 |       0 |
| X2Y0              |      1 |      24 |      1 |   25920 |      0 |    7200 |      0 |      48 |      0 |     144 |      0 |       0 |      0 |       0 |
| X3Y0              |      0 |      24 |      0 |   24000 |      0 |    3360 |      0 |      48 |      0 |      48 |      0 |       4 |      0 |       1 |
| X0Y1              |      3 |      24 |      0 |   23040 |      0 |    5760 |      0 |      72 |      0 |      96 |      0 |       0 |      0 |       0 |
| X1Y1              |      3 |      24 |    250 |   24000 |      0 |    6240 |      0 |      72 |      0 |      96 |      0 |       0 |      0 |       0 |
| X2Y1              |      2 |      24 |     40 |   25920 |      0 |    7200 |      1 |      48 |      0 |     144 |      0 |       0 |      0 |       0 |
| X3Y1              |      0 |      24 |      0 |   24000 |      0 |    3360 |      0 |      48 |      0 |      48 |      0 |       4 |      0 |       0 |
| X0Y2              |      1 |      24 |      2 |   23040 |      0 |    5760 |      0 |      72 |      0 |      96 |      0 |       0 |      0 |       0 |
| X1Y2              |      3 |      24 |    192 |   24000 |      0 |    6240 |      0 |      72 |      0 |      96 |      0 |       0 |      0 |       0 |
| X2Y2              |      3 |      24 |     18 |   25920 |      0 |    7200 |      1 |      48 |      0 |     144 |      0 |       0 |      0 |       0 |
| X3Y2              |      0 |      24 |      0 |   24000 |      0 |    3360 |      0 |      48 |      0 |      48 |      0 |       4 |      0 |       0 |
| X0Y3              |      0 |      24 |      0 |   23040 |      0 |    5760 |      0 |      72 |      0 |      96 |      0 |       0 |      0 |       0 |
| X1Y3              |      1 |      24 |      1 |   24000 |      0 |    6240 |      0 |      72 |      0 |      96 |      0 |       0 |      0 |       0 |
| X2Y3              |      0 |      24 |      0 |   25920 |      0 |    7200 |      0 |      48 |      0 |     144 |      0 |       0 |      0 |       0 |
| X3Y3              |      0 |      24 |      0 |   24000 |      0 |    3360 |      0 |      48 |      0 |      48 |      0 |       4 |      0 |       1 |
| X0Y4              |      1 |      24 |      3 |   23040 |      0 |    5760 |      0 |      72 |      0 |      96 |      0 |       0 |      0 |       0 |
| X1Y4              |      1 |      24 |      0 |   24000 |      0 |    6240 |      0 |      72 |      0 |      96 |      0 |       0 |      0 |       0 |
| X2Y4              |      0 |      24 |      0 |   25920 |      0 |    7200 |      0 |      48 |      0 |     144 |      0 |       0 |      0 |       0 |
| X3Y4              |      0 |      24 |      0 |   24000 |      0 |    3360 |      0 |      48 |      0 |      48 |      0 |       4 |      0 |       1 |
+-------------------+--------+---------+--------+---------+--------+---------+--------+---------+--------+---------+--------+---------+--------+---------+
* Global Clock column represents track count; while other columns represents cell counts


6. Clock Regions : Global Clock Summary
---------------------------------------

All Modules
+----+----+----+----+----+
|    | X0 | X1 | X2 | X3 |
+----+----+----+----+----+
| Y4 |  2 |  1 |  0 |  0 |
| Y3 |  0 |  1 |  0 |  0 |
| Y2 |  1 |  3 |  6 |  0 |
| Y1 |  0 |  2 |  4 |  0 |
| Y0 |  0 |  1 |  1 |  0 |
+----+----+----+----+----+


7. Clock Regions : Routing Resource Utilization
-----------------------------------------------

All Modules
+-------------------+----------------------+----------------------+----------------------+----------------------+
|                   |        HROUTES       |        HDISTRS       |        VROUTES       |        VDISTRS       |
+-------------------+------+-------+-------+------+-------+-------+------+-------+-------+------+-------+-------+
| Clock Region Name | Used | Avail | Util% | Used | Avail | Util% | Used | Avail | Util% | Used | Avail | Util% |
+-------------------+------+-------+-------+------+-------+-------+------+-------+-------+------+-------+-------+
| X0Y0              |    0 |    24 |  0.00 |    0 |    24 |  0.00 |    0 |    24 |  0.00 |    0 |    24 |  0.00 |
| X1Y0              |    0 |    24 |  0.00 |    1 |    24 |  4.17 |    0 |    24 |  0.00 |    1 |    24 |  4.17 |
| X2Y0              |    0 |    24 |  0.00 |    1 |    24 |  4.17 |    0 |    24 |  0.00 |    0 |    24 |  0.00 |
| X3Y0              |    0 |    24 |  0.00 |    0 |    24 |  0.00 |    0 |    24 |  0.00 |    0 |    24 |  0.00 |
| X0Y1              |    3 |    24 | 12.50 |    0 |    24 |  0.00 |    0 |    24 |  0.00 |    0 |    24 |  0.00 |
| X1Y1              |    3 |    24 | 12.50 |    2 |    24 |  8.33 |    0 |    24 |  0.00 |    2 |    24 |  8.33 |
| X2Y1              |    0 |    24 |  0.00 |    2 |    24 |  8.33 |    0 |    24 |  0.00 |    0 |    24 |  0.00 |
| X3Y1              |    0 |    24 |  0.00 |    0 |    24 |  0.00 |    0 |    24 |  0.00 |    0 |    24 |  0.00 |
| X0Y2              |    0 |    24 |  0.00 |    1 |    24 |  4.17 |    0 |    24 |  0.00 |    0 |    24 |  0.00 |
| X1Y2              |    0 |    24 |  0.00 |    3 |    24 | 12.50 |    2 |    24 |  8.33 |    2 |    24 |  8.33 |
| X2Y2              |    0 |    24 |  0.00 |    3 |    24 | 12.50 |    0 |    24 |  0.00 |    0 |    24 |  0.00 |
| X3Y2              |    0 |    24 |  0.00 |    0 |    24 |  0.00 |    0 |    24 |  0.00 |    0 |    24 |  0.00 |
| X0Y3              |    0 |    24 |  0.00 |    0 |    24 |  0.00 |    0 |    24 |  0.00 |    0 |    24 |  0.00 |
| X1Y3              |    0 |    24 |  0.00 |    1 |    24 |  4.17 |    0 |    24 |  0.00 |    1 |    24 |  4.17 |
| X2Y3              |    0 |    24 |  0.00 |    0 |    24 |  0.00 |    0 |    24 |  0.00 |    0 |    24 |  0.00 |
| X3Y3              |    0 |    24 |  0.00 |    0 |    24 |  0.00 |    0 |    24 |  0.00 |    0 |    24 |  0.00 |
| X0Y4              |    0 |    24 |  0.00 |    1 |    24 |  4.17 |    0 |    24 |  0.00 |    0 |    24 |  0.00 |
| X1Y4              |    0 |    24 |  0.00 |    1 |    24 |  4.17 |    0 |    24 |  0.00 |    0 |    24 |  0.00 |
| X2Y4              |    0 |    24 |  0.00 |    0 |    24 |  0.00 |    0 |    24 |  0.00 |    0 |    24 |  0.00 |
| X3Y4              |    0 |    24 |  0.00 |    0 |    24 |  0.00 |    0 |    24 |  0.00 |    0 |    24 |  0.00 |
+-------------------+------+-------+-------+------+-------+-------+------+-------+-------+------+-------+-------+


8. Device Cell Placement Summary for Global Clock g0
----------------------------------------------------

+-----------+-----------------+-------------------+-------------------+-------------+---------------+----------+-------------+----------+----------------+----------+--------------------------------------+
| Global Id | Driver Type/Pin | Driver Region (D) | Clock             | Period (ns) | Waveform (ns) | Root (R) | Slice Loads | IO Loads | Clocking Loads | GT Loads | Net                                  |
+-----------+-----------------+-------------------+-------------------+-------------+---------------+----------+-------------+----------+----------------+----------+--------------------------------------+
| g0        | BUFGCE/O        | X0Y1              | clk_out1_clk_core |       4.999 | {0.000 2.500} | X1Y1     |         305 |        0 |              0 |        0 | clk_gen_i0/clk_core_i0/inst/clk_out1 |
+-----------+-----------------+-------------------+-------------------+-------------+---------------+----------+-------------+----------+----------------+----------+--------------------------------------+
* Logic Loads column represents load cell count of all cell types other than IO, GT and clock resources
** IO Loads column represents load cell count of IO types
*** Clocking Loads column represents load cell count that are clock resources (global clock buffer, MMCM, PLL, etc)
**** GT Loads column represents load cell count of GT types


+----+--------+---------+----+----+
|    | X0     | X1      | X2 | X3 |
+----+--------+---------+----+----+
| Y4 |      0 |       0 |  0 |  0 |
| Y3 |      0 |       0 |  0 |  0 |
| Y2 |      0 |      93 |  1 |  0 |
| Y1 |  (D) 0 | (R) 208 |  3 |  0 |
| Y0 |      0 |       0 |  0 |  0 |
+----+--------+---------+----+----+


9. Device Cell Placement Summary for Global Clock g1
----------------------------------------------------

+-----------+-----------------+-------------------+-------------------+-------------+---------------+-----------+-------------+----------+----------------+----------+--------------------------------------+
| Global Id | Driver Type/Pin | Driver Region (D) | Clock             | Period (ns) | Waveform (ns) | Root (R)  | Slice Loads | IO Loads | Clocking Loads | GT Loads | Net                                  |
+-----------+-----------------+-------------------+-------------------+-------------+---------------+-----------+-------------+----------+----------------+----------+--------------------------------------+
| g1        | BUFGCE/O        | X0Y1              | clk_out2_clk_core |       5.161 | {0.000 2.580} | X0Y1,X1Y2 |         154 |        1 |              1 |        0 | clk_gen_i0/clk_core_i0/inst/clk_out2 |
+-----------+-----------------+-------------------+-------------------+-------------+---------------+-----------+-------------+----------+----------------+----------+--------------------------------------+
* Logic Loads column represents load cell count of all cell types other than IO, GT and clock resources
** IO Loads column represents load cell count of IO types
*** Clocking Loads column represents load cell count that are clock resources (global clock buffer, MMCM, PLL, etc)
**** GT Loads column represents load cell count of GT types


+----+-----------+--------+-----+----+
|    | X0        | X1     | X2  | X3 |
+----+-----------+--------+-----+----+
| Y4 |         4 |      0 |   0 |  0 |
| Y3 |         0 |      1 |   0 |  0 |
| Y2 |         2 | (R) 65 |   1 |  0 |
| Y1 | (R) (D) 1 |     42 |  39 |  0 |
| Y0 |         0 |      0 |   1 |  0 |
+----+-----------+--------+-----+----+


10. Device Cell Placement Summary for Global Clock g2
-----------------------------------------------------

+-----------+-----------------+-------------------+----------+-------------+----------------+----------+-------------+----------+----------------+----------+---------------------+
| Global Id | Driver Type/Pin | Driver Region (D) | Clock    | Period (ns) | Waveform (ns)  | Root (R) | Slice Loads | IO Loads | Clocking Loads | GT Loads | Net                 |
+-----------+-----------------+-------------------+----------+-------------+----------------+----------+-------------+----------+----------------+----------+---------------------+
| g2        | BUFGCE/O        | X0Y1              | clk_samp |     165.145 | {0.000 82.572} | X1Y2     |          52 |        0 |              0 |        0 | clk_gen_i0/clk_samp |
+-----------+-----------------+-------------------+----------+-------------+----------------+----------+-------------+----------+----------------+----------+---------------------+
* Logic Loads column represents load cell count of all cell types other than IO, GT and clock resources
** IO Loads column represents load cell count of IO types
*** Clocking Loads column represents load cell count that are clock resources (global clock buffer, MMCM, PLL, etc)
**** GT Loads column represents load cell count of GT types


+----+--------+--------+-----+----+
|    | X0     | X1     | X2  | X3 |
+----+--------+--------+-----+----+
| Y4 |      0 |      0 |   0 |  0 |
| Y3 |      0 |      0 |   0 |  0 |
| Y2 |      0 | (R) 34 |  18 |  0 |
| Y1 |  (D) 0 |      0 |   0 |  0 |
| Y0 |      0 |      0 |   0 |  0 |
+----+--------+--------+-----+----+


11. Clock Region Cell Placement per Global Clock: Region X1Y0
-------------------------------------------------------------

+-----------+-------+-----------------+------------+-------------+-----------------+----+--------+------+-----+----+------+-----+---------+--------------------------------------+
| Global Id | Track | Driver Type/Pin | Constraint | Clock Loads | Non-Clock Loads | FF | LUTRAM | RAMB | DSP | GT | MMCM | PLL | Hard IP | Net                                  |
+-----------+-------+-----------------+------------+-------------+-----------------+----+--------+------+-----+----+------+-----+---------+--------------------------------------+
| g1+       | 8     | BUFGCE/O        | None       |           0 |               0 |  0 |      0 |    0 |   0 |  0 |    0 |   0 |       0 | clk_gen_i0/clk_core_i0/inst/clk_out2 |
+-----------+-------+-----------------+------------+-------------+-----------------+----+--------+------+-----+----+------+-----+---------+--------------------------------------+
* Clock Loads column represents the clock pin loads (pin count)
** Non-Clock Loads column represents the non-clock pin loads (pin count)
*** Columns FF, LUTRAM, RAMB through 'Hard IP' represents load cell counts
**** In Global Id column, sympbol '+' indicates that global clock was used only to route through the clock region.


12. Clock Region Cell Placement per Global Clock: Region X2Y0
-------------------------------------------------------------

+-----------+-------+-----------------+------------+-------------+-----------------+----+--------+------+-----+----+------+-----+---------+--------------------------------------+
| Global Id | Track | Driver Type/Pin | Constraint | Clock Loads | Non-Clock Loads | FF | LUTRAM | RAMB | DSP | GT | MMCM | PLL | Hard IP | Net                                  |
+-----------+-------+-----------------+------------+-------------+-----------------+----+--------+------+-----+----+------+-----+---------+--------------------------------------+
| g1        | 8     | BUFGCE/O        | None       |           1 |               0 |  1 |      0 |    0 |   0 |  0 |    0 |   0 |       0 | clk_gen_i0/clk_core_i0/inst/clk_out2 |
+-----------+-------+-----------------+------------+-------------+-----------------+----+--------+------+-----+----+------+-----+---------+--------------------------------------+
* Clock Loads column represents the clock pin loads (pin count)
** Non-Clock Loads column represents the non-clock pin loads (pin count)
*** Columns FF, LUTRAM, RAMB through 'Hard IP' represents load cell counts


13. Clock Region Cell Placement per Global Clock: Region X1Y1
-------------------------------------------------------------

+-----------+-------+-----------------+------------+-------------+-----------------+-----+--------+------+-----+----+------+-----+---------+--------------------------------------+
| Global Id | Track | Driver Type/Pin | Constraint | Clock Loads | Non-Clock Loads | FF  | LUTRAM | RAMB | DSP | GT | MMCM | PLL | Hard IP | Net                                  |
+-----------+-------+-----------------+------------+-------------+-----------------+-----+--------+------+-----+----+------+-----+---------+--------------------------------------+
| g0        | 2     | BUFGCE/O        | None       |         208 |               0 | 208 |      0 |    0 |   0 |  0 |    0 |   0 |       0 | clk_gen_i0/clk_core_i0/inst/clk_out1 |
| g1        | 8     | BUFGCE/O        | None       |          42 |               0 |  42 |      0 |    0 |   0 |  0 |    0 |   0 |       0 | clk_gen_i0/clk_core_i0/inst/clk_out2 |
| g2+       | 14    | BUFGCE/O        | X0Y1       |           0 |               0 |   0 |      0 |    0 |   0 |  0 |    0 |   0 |       0 | clk_gen_i0/clk_samp                  |
+-----------+-------+-----------------+------------+-------------+-----------------+-----+--------+------+-----+----+------+-----+---------+--------------------------------------+
* Clock Loads column represents the clock pin loads (pin count)
** Non-Clock Loads column represents the non-clock pin loads (pin count)
*** Columns FF, LUTRAM, RAMB through 'Hard IP' represents load cell counts
**** In Global Id column, sympbol '+' indicates that global clock was used only to route through the clock region.


14. Clock Region Cell Placement per Global Clock: Region X2Y1
-------------------------------------------------------------

+-----------+-------+-----------------+------------+-------------+-----------------+----+--------+------+-----+----+------+-----+---------+--------------------------------------+
| Global Id | Track | Driver Type/Pin | Constraint | Clock Loads | Non-Clock Loads | FF | LUTRAM | RAMB | DSP | GT | MMCM | PLL | Hard IP | Net                                  |
+-----------+-------+-----------------+------------+-------------+-----------------+----+--------+------+-----+----+------+-----+---------+--------------------------------------+
| g0        | 2     | BUFGCE/O        | None       |           3 |               0 |  2 |      0 |    1 |   0 |  0 |    0 |   0 |       0 | clk_gen_i0/clk_core_i0/inst/clk_out1 |
| g1        | 8     | BUFGCE/O        | None       |          39 |               0 | 38 |      0 |    1 |   0 |  0 |    0 |   0 |       0 | clk_gen_i0/clk_core_i0/inst/clk_out2 |
+-----------+-------+-----------------+------------+-------------+-----------------+----+--------+------+-----+----+------+-----+---------+--------------------------------------+
* Clock Loads column represents the clock pin loads (pin count)
** Non-Clock Loads column represents the non-clock pin loads (pin count)
*** Columns FF, LUTRAM, RAMB through 'Hard IP' represents load cell counts


15. Clock Region Cell Placement per Global Clock: Region X0Y2
-------------------------------------------------------------

+-----------+-------+-----------------+------------+-------------+-----------------+----+--------+------+-----+----+------+-----+---------+--------------------------------------+
| Global Id | Track | Driver Type/Pin | Constraint | Clock Loads | Non-Clock Loads | FF | LUTRAM | RAMB | DSP | GT | MMCM | PLL | Hard IP | Net                                  |
+-----------+-------+-----------------+------------+-------------+-----------------+----+--------+------+-----+----+------+-----+---------+--------------------------------------+
| g1        | 8     | BUFGCE/O        | None       |           2 |               0 |  2 |      0 |    0 |   0 |  0 |    0 |   0 |       0 | clk_gen_i0/clk_core_i0/inst/clk_out2 |
+-----------+-------+-----------------+------------+-------------+-----------------+----+--------+------+-----+----+------+-----+---------+--------------------------------------+
* Clock Loads column represents the clock pin loads (pin count)
** Non-Clock Loads column represents the non-clock pin loads (pin count)
*** Columns FF, LUTRAM, RAMB through 'Hard IP' represents load cell counts


16. Clock Region Cell Placement per Global Clock: Region X1Y2
-------------------------------------------------------------

+-----------+-------+-----------------+------------+-------------+-----------------+----+--------+------+-----+----+------+-----+---------+--------------------------------------+
| Global Id | Track | Driver Type/Pin | Constraint | Clock Loads | Non-Clock Loads | FF | LUTRAM | RAMB | DSP | GT | MMCM | PLL | Hard IP | Net                                  |
+-----------+-------+-----------------+------------+-------------+-----------------+----+--------+------+-----+----+------+-----+---------+--------------------------------------+
| g0        | 2     | BUFGCE/O        | None       |          93 |               0 | 93 |      0 |    0 |   0 |  0 |    0 |   0 |       0 | clk_gen_i0/clk_core_i0/inst/clk_out1 |
| g1        | 8     | BUFGCE/O        | None       |          65 |               0 | 65 |      0 |    0 |   0 |  0 |    0 |   0 |       0 | clk_gen_i0/clk_core_i0/inst/clk_out2 |
| g2        | 14    | BUFGCE/O        | X0Y1       |          34 |               0 | 34 |      0 |    0 |   0 |  0 |    0 |   0 |       0 | clk_gen_i0/clk_samp                  |
+-----------+-------+-----------------+------------+-------------+-----------------+----+--------+------+-----+----+------+-----+---------+--------------------------------------+
* Clock Loads column represents the clock pin loads (pin count)
** Non-Clock Loads column represents the non-clock pin loads (pin count)
*** Columns FF, LUTRAM, RAMB through 'Hard IP' represents load cell counts


17. Clock Region Cell Placement per Global Clock: Region X2Y2
-------------------------------------------------------------

+-----------+-------+-----------------+------------+-------------+-----------------+----+--------+------+-----+----+------+-----+---------+--------------------------------------+
| Global Id | Track | Driver Type/Pin | Constraint | Clock Loads | Non-Clock Loads | FF | LUTRAM | RAMB | DSP | GT | MMCM | PLL | Hard IP | Net                                  |
+-----------+-------+-----------------+------------+-------------+-----------------+----+--------+------+-----+----+------+-----+---------+--------------------------------------+
| g0        | 2     | BUFGCE/O        | None       |           1 |               0 |  0 |      0 |    1 |   0 |  0 |    0 |   0 |       0 | clk_gen_i0/clk_core_i0/inst/clk_out1 |
| g1        | 8     | BUFGCE/O        | None       |           1 |               0 |  0 |      0 |    1 |   0 |  0 |    0 |   0 |       0 | clk_gen_i0/clk_core_i0/inst/clk_out2 |
| g2        | 14    | BUFGCE/O        | X0Y1       |          18 |               0 | 18 |      0 |    0 |   0 |  0 |    0 |   0 |       0 | clk_gen_i0/clk_samp                  |
+-----------+-------+-----------------+------------+-------------+-----------------+----+--------+------+-----+----+------+-----+---------+--------------------------------------+
* Clock Loads column represents the clock pin loads (pin count)
** Non-Clock Loads column represents the non-clock pin loads (pin count)
*** Columns FF, LUTRAM, RAMB through 'Hard IP' represents load cell counts


18. Clock Region Cell Placement per Global Clock: Region X1Y3
-------------------------------------------------------------

+-----------+-------+-----------------+------------+-------------+-----------------+----+--------+------+-----+----+------+-----+---------+--------------------------------------+
| Global Id | Track | Driver Type/Pin | Constraint | Clock Loads | Non-Clock Loads | FF | LUTRAM | RAMB | DSP | GT | MMCM | PLL | Hard IP | Net                                  |
+-----------+-------+-----------------+------------+-------------+-----------------+----+--------+------+-----+----+------+-----+---------+--------------------------------------+
| g1        | 8     | BUFGCE/O        | None       |           1 |               0 |  1 |      0 |    0 |   0 |  0 |    0 |   0 |       0 | clk_gen_i0/clk_core_i0/inst/clk_out2 |
+-----------+-------+-----------------+------------+-------------+-----------------+----+--------+------+-----+----+------+-----+---------+--------------------------------------+
* Clock Loads column represents the clock pin loads (pin count)
** Non-Clock Loads column represents the non-clock pin loads (pin count)
*** Columns FF, LUTRAM, RAMB through 'Hard IP' represents load cell counts


19. Clock Region Cell Placement per Global Clock: Region X0Y4
-------------------------------------------------------------

+-----------+-------+-----------------+------------+-------------+-----------------+----+--------+------+-----+----+------+-----+---------+--------------------------------------+
| Global Id | Track | Driver Type/Pin | Constraint | Clock Loads | Non-Clock Loads | FF | LUTRAM | RAMB | DSP | GT | MMCM | PLL | Hard IP | Net                                  |
+-----------+-------+-----------------+------------+-------------+-----------------+----+--------+------+-----+----+------+-----+---------+--------------------------------------+
| g1        | 8     | BUFGCE/O        | None       |           4 |               0 |  3 |      0 |    0 |   0 |  0 |    0 |   0 |       0 | clk_gen_i0/clk_core_i0/inst/clk_out2 |
+-----------+-------+-----------------+------------+-------------+-----------------+----+--------+------+-----+----+------+-----+---------+--------------------------------------+
* Clock Loads column represents the clock pin loads (pin count)
** Non-Clock Loads column represents the non-clock pin loads (pin count)
*** Columns FF, LUTRAM, RAMB through 'Hard IP' represents load cell counts


20. Clock Region Cell Placement per Global Clock: Region X1Y4
-------------------------------------------------------------

+-----------+-------+-----------------+------------+-------------+-----------------+----+--------+------+-----+----+------+-----+---------+--------------------------------------+
| Global Id | Track | Driver Type/Pin | Constraint | Clock Loads | Non-Clock Loads | FF | LUTRAM | RAMB | DSP | GT | MMCM | PLL | Hard IP | Net                                  |
+-----------+-------+-----------------+------------+-------------+-----------------+----+--------+------+-----+----+------+-----+---------+--------------------------------------+
| g1+       | 8     | BUFGCE/O        | None       |           0 |               0 |  0 |      0 |    0 |   0 |  0 |    0 |   0 |       0 | clk_gen_i0/clk_core_i0/inst/clk_out2 |
+-----------+-------+-----------------+------------+-------------+-----------------+----+--------+------+-----+----+------+-----+---------+--------------------------------------+
* Clock Loads column represents the clock pin loads (pin count)
** Non-Clock Loads column represents the non-clock pin loads (pin count)
*** Columns FF, LUTRAM, RAMB through 'Hard IP' represents load cell counts
**** In Global Id column, sympbol '+' indicates that global clock was used only to route through the clock region.


