
*** Running vivado
    with args -log wave_gen.vdi -applog -m64 -product Vivado -messageDb vivado.pb -mode batch -source wave_gen.tcl -notrace


****** Vivado v2018.1 (64-bit)
  **** SW Build 2188600 on Wed Apr  4 18:40:38 MDT 2018
  **** IP Build 2185939 on Wed Apr  4 20:55:05 MDT 2018
    ** Copyright 1986-2018 Xilinx, Inc. All Rights Reserved.

source wave_gen.tcl -notrace
Command: link_design -top wave_gen -part xc7k70tfbg484-2
Design is defaulting to srcset: sources_1
Design is defaulting to constrset: constrs_1
INFO: [Project 1-454] Reading design checkpoint 'c:/training/Basic_Dsgn_Analysis/lab/KC7xx/vhdl/wave_gen.srcs/sources_1/ip/char_fifo/char_fifo.dcp' for cell 'char_fifo_i0'
INFO: [Project 1-454] Reading design checkpoint 'c:/training/Basic_Dsgn_Analysis/lab/KC7xx/vhdl/wave_gen.srcs/sources_1/ip/clk_core/clk_core.dcp' for cell 'clk_gen_i0/clk_core_i0'
INFO: [Netlist 29-17] Analyzing 68 Unisim elements for replacement
INFO: [Netlist 29-28] Unisim Transformation completed in 0 CPU seconds
INFO: [Project 1-479] Netlist was created with Vivado 2018.1
INFO: [Device 21-403] Loading part xc7k70tfbg484-2
INFO: [Project 1-570] Preparing netlist for logic optimization
Parsing XDC File [c:/training/Basic_Dsgn_Analysis/lab/KC7xx/vhdl/wave_gen.srcs/sources_1/ip/clk_core/clk_core_board.xdc] for cell 'clk_gen_i0/clk_core_i0/inst'
Finished Parsing XDC File [c:/training/Basic_Dsgn_Analysis/lab/KC7xx/vhdl/wave_gen.srcs/sources_1/ip/clk_core/clk_core_board.xdc] for cell 'clk_gen_i0/clk_core_i0/inst'
Parsing XDC File [c:/training/Basic_Dsgn_Analysis/lab/KC7xx/vhdl/wave_gen.srcs/sources_1/ip/clk_core/clk_core.xdc] for cell 'clk_gen_i0/clk_core_i0/inst'
INFO: [Timing 38-35] Done setting XDC timing constraints. [c:/training/Basic_Dsgn_Analysis/lab/KC7xx/vhdl/wave_gen.srcs/sources_1/ip/clk_core/clk_core.xdc:57]
INFO: [Timing 38-2] Deriving generated clocks [c:/training/Basic_Dsgn_Analysis/lab/KC7xx/vhdl/wave_gen.srcs/sources_1/ip/clk_core/clk_core.xdc:57]
get_clocks: Time (s): cpu = 00:00:14 ; elapsed = 00:00:15 . Memory (MB): peak = 1248.293 ; gain = 558.859
Finished Parsing XDC File [c:/training/Basic_Dsgn_Analysis/lab/KC7xx/vhdl/wave_gen.srcs/sources_1/ip/clk_core/clk_core.xdc] for cell 'clk_gen_i0/clk_core_i0/inst'
Parsing XDC File [c:/training/Basic_Dsgn_Analysis/lab/KC7xx/vhdl/wave_gen.srcs/sources_1/ip/char_fifo/char_fifo.xdc] for cell 'char_fifo_i0/U0'
Finished Parsing XDC File [c:/training/Basic_Dsgn_Analysis/lab/KC7xx/vhdl/wave_gen.srcs/sources_1/ip/char_fifo/char_fifo.xdc] for cell 'char_fifo_i0/U0'
Parsing XDC File [c:/training/Basic_Dsgn_Analysis/lab/KC7xx/vhdl/wave_gen.srcs/constrs_1/imports/vhdl/wave_gen_timing.xdc]
WARNING: [Constraints 18-619] A clock with name 'clk_pin_p' already exists, overwriting the previous clock with the same name. [c:/training/Basic_Dsgn_Analysis/lab/KC7xx/vhdl/wave_gen.srcs/constrs_1/imports/vhdl/wave_gen_timing.xdc:2]
INFO: [Constraints 18-483] create_clock: no pin(s)/port(s)/net(s) specified as objects, only virtual clock 'clk_tx_virtual' will be created. If you don't want this, please specify pin(s)/ports(s)/net(s) as objects to the command. [c:/training/Basic_Dsgn_Analysis/lab/KC7xx/vhdl/wave_gen.srcs/constrs_1/imports/vhdl/wave_gen_timing.xdc:7]
INFO: [Vivado 12-2286] Implicit search of objects for pattern 'clkx_nsamp_i0/meta_harden_bus_new_i0/signal_meta_reg' matched to 'cell' objects. [c:/training/Basic_Dsgn_Analysis/lab/KC7xx/vhdl/wave_gen.srcs/constrs_1/imports/vhdl/wave_gen_timing.xdc:32]
Resolution: To avoid ambiguous patterns, provide proper objects using get commands e.g. [get_nets xyz].
INFO: [Vivado 12-2286] Implicit search of objects for pattern 'clkx_nsamp_i0/meta_harden_bus_new_i0/signal_dst_reg' matched to 'cell' objects. [c:/training/Basic_Dsgn_Analysis/lab/KC7xx/vhdl/wave_gen.srcs/constrs_1/imports/vhdl/wave_gen_timing.xdc:32]
Resolution: To avoid ambiguous patterns, provide proper objects using get commands e.g. [get_nets xyz].
INFO: [Vivado 12-2286] Implicit search of objects for pattern 'clkx_pre_i0/meta_harden_bus_new_i0/signal_meta_reg' matched to 'cell' objects. [c:/training/Basic_Dsgn_Analysis/lab/KC7xx/vhdl/wave_gen.srcs/constrs_1/imports/vhdl/wave_gen_timing.xdc:33]
Resolution: To avoid ambiguous patterns, provide proper objects using get commands e.g. [get_nets xyz].
INFO: [Vivado 12-2286] Implicit search of objects for pattern 'clkx_pre_i0/meta_harden_bus_new_i0/signal_dst_reg' matched to 'cell' objects. [c:/training/Basic_Dsgn_Analysis/lab/KC7xx/vhdl/wave_gen.srcs/constrs_1/imports/vhdl/wave_gen_timing.xdc:33]
Resolution: To avoid ambiguous patterns, provide proper objects using get commands e.g. [get_nets xyz].
INFO: [Vivado 12-2286] Implicit search of objects for pattern 'clkx_spd_i0/meta_harden_bus_new_i0/signal_meta_reg' matched to 'cell' objects. [c:/training/Basic_Dsgn_Analysis/lab/KC7xx/vhdl/wave_gen.srcs/constrs_1/imports/vhdl/wave_gen_timing.xdc:34]
Resolution: To avoid ambiguous patterns, provide proper objects using get commands e.g. [get_nets xyz].
INFO: [Vivado 12-2286] Implicit search of objects for pattern 'clkx_spd_i0/meta_harden_bus_new_i0/signal_dst_reg' matched to 'cell' objects. [c:/training/Basic_Dsgn_Analysis/lab/KC7xx/vhdl/wave_gen.srcs/constrs_1/imports/vhdl/wave_gen_timing.xdc:34]
Resolution: To avoid ambiguous patterns, provide proper objects using get commands e.g. [get_nets xyz].
INFO: [Vivado 12-2286] Implicit search of objects for pattern 'lb_ctl_i0/debouncer_i0/meta_harden_signal_in_i0/signal_meta_reg' matched to 'cell' objects. [c:/training/Basic_Dsgn_Analysis/lab/KC7xx/vhdl/wave_gen.srcs/constrs_1/imports/vhdl/wave_gen_timing.xdc:35]
Resolution: To avoid ambiguous patterns, provide proper objects using get commands e.g. [get_nets xyz].
INFO: [Vivado 12-2286] Implicit search of objects for pattern 'lb_ctl_i0/debouncer_i0/meta_harden_signal_in_i0/signal_dst_reg' matched to 'cell' objects. [c:/training/Basic_Dsgn_Analysis/lab/KC7xx/vhdl/wave_gen.srcs/constrs_1/imports/vhdl/wave_gen_timing.xdc:35]
Resolution: To avoid ambiguous patterns, provide proper objects using get commands e.g. [get_nets xyz].
INFO: [Vivado 12-2286] Implicit search of objects for pattern 'samp_gen_i0/meta_harden_samp_gen_go_i0/signal_meta_reg' matched to 'cell' objects. [c:/training/Basic_Dsgn_Analysis/lab/KC7xx/vhdl/wave_gen.srcs/constrs_1/imports/vhdl/wave_gen_timing.xdc:36]
Resolution: To avoid ambiguous patterns, provide proper objects using get commands e.g. [get_nets xyz].
INFO: [Vivado 12-2286] Implicit search of objects for pattern 'samp_gen_i0/meta_harden_samp_gen_go_i0/signal_dst_reg' matched to 'cell' objects. [c:/training/Basic_Dsgn_Analysis/lab/KC7xx/vhdl/wave_gen.srcs/constrs_1/imports/vhdl/wave_gen_timing.xdc:36]
Resolution: To avoid ambiguous patterns, provide proper objects using get commands e.g. [get_nets xyz].
INFO: [Vivado 12-2286] Implicit search of objects for pattern 'uart_rx_i0/meta_harden_rxd_i0/signal_meta_reg' matched to 'cell' objects. [c:/training/Basic_Dsgn_Analysis/lab/KC7xx/vhdl/wave_gen.srcs/constrs_1/imports/vhdl/wave_gen_timing.xdc:37]
Resolution: To avoid ambiguous patterns, provide proper objects using get commands e.g. [get_nets xyz].
INFO: [Vivado 12-2286] Implicit search of objects for pattern 'uart_rx_i0/meta_harden_rxd_i0/signal_dst_reg' matched to 'cell' objects. [c:/training/Basic_Dsgn_Analysis/lab/KC7xx/vhdl/wave_gen.srcs/constrs_1/imports/vhdl/wave_gen_timing.xdc:37]
Resolution: To avoid ambiguous patterns, provide proper objects using get commands e.g. [get_nets xyz].
INFO: [Vivado 12-2286] Implicit search of objects for pattern 'rst_gen_i0/reset_bridge_clk_rx_i0/rst_meta_reg' matched to 'cell' objects. [c:/training/Basic_Dsgn_Analysis/lab/KC7xx/vhdl/wave_gen.srcs/constrs_1/imports/vhdl/wave_gen_timing.xdc:39]
Resolution: To avoid ambiguous patterns, provide proper objects using get commands e.g. [get_nets xyz].
INFO: [Vivado 12-2286] Implicit search of objects for pattern 'rst_gen_i0/reset_bridge_clk_rx_i0/rst_dst_reg' matched to 'cell' objects. [c:/training/Basic_Dsgn_Analysis/lab/KC7xx/vhdl/wave_gen.srcs/constrs_1/imports/vhdl/wave_gen_timing.xdc:39]
Resolution: To avoid ambiguous patterns, provide proper objects using get commands e.g. [get_nets xyz].
INFO: [Vivado 12-2286] Implicit search of objects for pattern 'rst_gen_i0/reset_bridge_clk_tx_i0/rst_meta_reg' matched to 'cell' objects. [c:/training/Basic_Dsgn_Analysis/lab/KC7xx/vhdl/wave_gen.srcs/constrs_1/imports/vhdl/wave_gen_timing.xdc:40]
Resolution: To avoid ambiguous patterns, provide proper objects using get commands e.g. [get_nets xyz].
INFO: [Vivado 12-2286] Implicit search of objects for pattern 'rst_gen_i0/reset_bridge_clk_tx_i0/rst_dst_reg' matched to 'cell' objects. [c:/training/Basic_Dsgn_Analysis/lab/KC7xx/vhdl/wave_gen.srcs/constrs_1/imports/vhdl/wave_gen_timing.xdc:40]
Resolution: To avoid ambiguous patterns, provide proper objects using get commands e.g. [get_nets xyz].
INFO: [Vivado 12-2286] Implicit search of objects for pattern 'rst_gen_i0/reset_bridge_clk_samp_i0/rst_meta_reg' matched to 'cell' objects. [c:/training/Basic_Dsgn_Analysis/lab/KC7xx/vhdl/wave_gen.srcs/constrs_1/imports/vhdl/wave_gen_timing.xdc:41]
Resolution: To avoid ambiguous patterns, provide proper objects using get commands e.g. [get_nets xyz].
INFO: [Vivado 12-2286] Implicit search of objects for pattern 'rst_gen_i0/reset_bridge_clk_samp_i0/rst_dst_reg' matched to 'cell' objects. [c:/training/Basic_Dsgn_Analysis/lab/KC7xx/vhdl/wave_gen.srcs/constrs_1/imports/vhdl/wave_gen_timing.xdc:41]
Resolution: To avoid ambiguous patterns, provide proper objects using get commands e.g. [get_nets xyz].
Finished Parsing XDC File [c:/training/Basic_Dsgn_Analysis/lab/KC7xx/vhdl/wave_gen.srcs/constrs_1/imports/vhdl/wave_gen_timing.xdc]
Parsing XDC File [c:/training/Basic_Dsgn_Analysis/lab/KC7xx/vhdl/wave_gen.srcs/sources_1/ip/char_fifo/char_fifo_clocks.xdc] for cell 'char_fifo_i0/U0'
Finished Parsing XDC File [c:/training/Basic_Dsgn_Analysis/lab/KC7xx/vhdl/wave_gen.srcs/sources_1/ip/char_fifo/char_fifo_clocks.xdc] for cell 'char_fifo_i0/U0'
INFO: [Opt 31-138] Pushed 0 inverter(s) to 0 load pin(s).
INFO: [Project 1-111] Unisim Transformation Summary:
No Unisim elements were transformed.

30 Infos, 1 Warnings, 0 Critical Warnings and 0 Errors encountered.
link_design completed successfully
link_design: Time (s): cpu = 00:00:28 ; elapsed = 00:00:33 . Memory (MB): peak = 1252.137 ; gain = 910.145
Command: opt_design
Attempting to get a license for feature 'Implementation' and/or device 'xc7k70t'
INFO: [Common 17-349] Got license for feature 'Implementation' and/or device 'xc7k70t'
Running DRC as a precondition to command opt_design

Starting DRC Task
INFO: [DRC 23-27] Running DRC with 2 threads
INFO: [Project 1-461] DRC finished with 0 Errors
INFO: [Project 1-462] Please refer to the DRC report (report_drc) for more information.

Time (s): cpu = 00:00:02 ; elapsed = 00:00:01 . Memory (MB): peak = 1252.137 ; gain = 0.000
INFO: [Constraints 18-483] create_clock: no pin(s)/port(s)/net(s) specified as objects, only virtual clock 'clk_tx_virtual' will be created. If you don't want this, please specify pin(s)/ports(s)/net(s) as objects to the command. [c:/training/Basic_Dsgn_Analysis/lab/KC7xx/vhdl/wave_gen.srcs/constrs_1/imports/vhdl/wave_gen_timing.xdc:7]
INFO: [Timing 38-35] Done setting XDC timing constraints.

Starting Logic Optimization Task

Phase 1 Retarget
INFO: [Opt 31-138] Pushed 0 inverter(s) to 0 load pin(s).
INFO: [Opt 31-49] Retargeted 0 cell(s).
Phase 1 Retarget | Checksum: 15c5a65a4

Time (s): cpu = 00:00:00 ; elapsed = 00:00:00.123 . Memory (MB): peak = 1252.137 ; gain = 0.000
INFO: [Opt 31-389] Phase Retarget created 0 cells and removed 0 cells

Phase 2 Constant propagation
INFO: [Opt 31-138] Pushed 0 inverter(s) to 0 load pin(s).
Phase 2 Constant propagation | Checksum: 190ce72db

Time (s): cpu = 00:00:00 ; elapsed = 00:00:00.155 . Memory (MB): peak = 1252.137 ; gain = 0.000
INFO: [Opt 31-389] Phase Constant propagation created 0 cells and removed 0 cells

Phase 3 Sweep
Phase 3 Sweep | Checksum: 1888994f6

Time (s): cpu = 00:00:00 ; elapsed = 00:00:00.186 . Memory (MB): peak = 1252.137 ; gain = 0.000
INFO: [Opt 31-389] Phase Sweep created 0 cells and removed 8 cells

Phase 4 BUFG optimization
Phase 4 BUFG optimization | Checksum: 1888994f6

Time (s): cpu = 00:00:00 ; elapsed = 00:00:00.217 . Memory (MB): peak = 1252.137 ; gain = 0.000
INFO: [Opt 31-389] Phase BUFG optimization created 0 cells and removed 0 cells

Phase 5 Shift Register Optimization
Phase 5 Shift Register Optimization | Checksum: 1888994f6

Time (s): cpu = 00:00:00 ; elapsed = 00:00:00.237 . Memory (MB): peak = 1252.137 ; gain = 0.000
INFO: [Opt 31-389] Phase Shift Register Optimization created 0 cells and removed 0 cells

Phase 6 Post Processing Netlist
Phase 6 Post Processing Netlist | Checksum: 1888994f6

Time (s): cpu = 00:00:00 ; elapsed = 00:00:00.251 . Memory (MB): peak = 1252.137 ; gain = 0.000
INFO: [Opt 31-389] Phase Post Processing Netlist created 0 cells and removed 0 cells

Starting Connectivity Check Task

Time (s): cpu = 00:00:00 ; elapsed = 00:00:00.005 . Memory (MB): peak = 1252.137 ; gain = 0.000
Ending Logic Optimization Task | Checksum: 1888994f6

Time (s): cpu = 00:00:00 ; elapsed = 00:00:00.261 . Memory (MB): peak = 1252.137 ; gain = 0.000

Starting Power Optimization Task
INFO: [Pwropt 34-132] Skipping clock gating for clocks with a period < 2.00 ns.
INFO: [Constraints 18-483] create_clock: no pin(s)/port(s)/net(s) specified as objects, only virtual clock 'clk_tx_virtual' will be created. If you don't want this, please specify pin(s)/ports(s)/net(s) as objects to the command. [c:/training/Basic_Dsgn_Analysis/lab/KC7xx/vhdl/wave_gen.srcs/constrs_1/imports/vhdl/wave_gen_timing.xdc:7]
INFO: [Timing 38-35] Done setting XDC timing constraints.
INFO: [Pwropt 34-9] Applying IDT optimizations ...
INFO: [Pwropt 34-10] Applying ODC optimizations ...
INFO: [Physopt 32-619] Estimated Timing Summary | WNS=0.472 | TNS=0.000 |
Running Vector-less Activity Propagation...

Finished Running Vector-less Activity Propagation


Starting PowerOpt Patch Enables Task
INFO: [Pwropt 34-162] WRITE_MODE attribute of 0 BRAM(s) out of a total of 1 has been updated to save power. Run report_power_opt to get a complete listing of the BRAMs updated.
INFO: [Pwropt 34-201] Structural ODC has moved 0 WE to EN ports
Number of BRAM Ports augmented: 0 newly gated: 0 Total Ports: 2
Ending PowerOpt Patch Enables Task | Checksum: 1d62b5b68

Time (s): cpu = 00:00:00 ; elapsed = 00:00:00.014 . Memory (MB): peak = 1388.969 ; gain = 0.000
Ending Power Optimization Task | Checksum: 1d62b5b68

Time (s): cpu = 00:00:02 ; elapsed = 00:00:01 . Memory (MB): peak = 1388.969 ; gain = 136.832
INFO: [Common 17-83] Releasing license: Implementation
54 Infos, 1 Warnings, 0 Critical Warnings and 0 Errors encountered.
opt_design completed successfully
INFO: [Timing 38-480] Writing timing data to binary archive.
INFO: [Common 17-1381] The checkpoint 'c:/training/Basic_Dsgn_Analysis/lab/KC7xx/vhdl/wave_gen.runs/impl_1/wave_gen_opt.dcp' has been generated.
INFO: [runtcl-4] Executing : report_drc -file wave_gen_drc_opted.rpt -pb wave_gen_drc_opted.pb -rpx wave_gen_drc_opted.rpx
Command: report_drc -file wave_gen_drc_opted.rpt -pb wave_gen_drc_opted.pb -rpx wave_gen_drc_opted.rpx
INFO: [DRC 23-27] Running DRC with 2 threads
INFO: [Coretcl 2-168] The results of DRC are in file c:/training/Basic_Dsgn_Analysis/lab/KC7xx/vhdl/wave_gen.runs/impl_1/wave_gen_drc_opted.rpt.
report_drc completed successfully
Command: place_design
Attempting to get a license for feature 'Implementation' and/or device 'xc7k70t'
INFO: [Common 17-349] Got license for feature 'Implementation' and/or device 'xc7k70t'
INFO: [DRC 23-27] Running DRC with 2 threads
INFO: [Vivado_Tcl 4-198] DRC finished with 0 Errors
INFO: [Vivado_Tcl 4-199] Please refer to the DRC report (report_drc) for more information.
Running DRC as a precondition to command place_design
INFO: [DRC 23-27] Running DRC with 2 threads
INFO: [Vivado_Tcl 4-198] DRC finished with 0 Errors
INFO: [Vivado_Tcl 4-199] Please refer to the DRC report (report_drc) for more information.

Starting Placer Task
INFO: [Place 30-611] Multithreading enabled for place_design using a maximum of 2 CPUs

Phase 1 Placer Initialization

Phase 1.1 Placer Initialization Netlist Sorting
Netlist sorting complete. Time (s): cpu = 00:00:00 ; elapsed = 00:00:00.001 . Memory (MB): peak = 1388.969 ; gain = 0.000
Phase 1.1 Placer Initialization Netlist Sorting | Checksum: df1feb24

Time (s): cpu = 00:00:00 ; elapsed = 00:00:00.006 . Memory (MB): peak = 1388.969 ; gain = 0.000
INFO: [Constraints 18-483] create_clock: no pin(s)/port(s)/net(s) specified as objects, only virtual clock 'clk_tx_virtual' will be created. If you don't want this, please specify pin(s)/ports(s)/net(s) as objects to the command. [c:/training/Basic_Dsgn_Analysis/lab/KC7xx/vhdl/wave_gen.srcs/constrs_1/imports/vhdl/wave_gen_timing.xdc:7]
INFO: [Timing 38-35] Done setting XDC timing constraints.
INFO: [Opt 31-138] Pushed 0 inverter(s) to 0 load pin(s).
Netlist sorting complete. Time (s): cpu = 00:00:00 ; elapsed = 00:00:00.002 . Memory (MB): peak = 1388.969 ; gain = 0.000

Phase 1.2 IO Placement/ Clock Placement/ Build Placer Device
INFO: [Constraints 18-483] create_clock: no pin(s)/port(s)/net(s) specified as objects, only virtual clock 'clk_tx_virtual' will be created. If you don't want this, please specify pin(s)/ports(s)/net(s) as objects to the command. [c:/training/Basic_Dsgn_Analysis/lab/KC7xx/vhdl/wave_gen.srcs/constrs_1/imports/vhdl/wave_gen_timing.xdc:7]
INFO: [Timing 38-35] Done setting XDC timing constraints.
Phase 1.2 IO Placement/ Clock Placement/ Build Placer Device | Checksum: e1bab789

Time (s): cpu = 00:00:01 ; elapsed = 00:00:01 . Memory (MB): peak = 1388.969 ; gain = 0.000

Phase 1.3 Build Placer Netlist Model
Phase 1.3 Build Placer Netlist Model | Checksum: ea1964bf

Time (s): cpu = 00:00:02 ; elapsed = 00:00:01 . Memory (MB): peak = 1388.969 ; gain = 0.000

Phase 1.4 Constrain Clocks/Macros
Phase 1.4 Constrain Clocks/Macros | Checksum: ea1964bf

Time (s): cpu = 00:00:02 ; elapsed = 00:00:01 . Memory (MB): peak = 1388.969 ; gain = 0.000
Phase 1 Placer Initialization | Checksum: ea1964bf

Time (s): cpu = 00:00:02 ; elapsed = 00:00:01 . Memory (MB): peak = 1388.969 ; gain = 0.000

Phase 2 Global Placement
Phase 2 Global Placement | Checksum: 12363e2d1

Time (s): cpu = 00:00:07 ; elapsed = 00:00:04 . Memory (MB): peak = 1388.969 ; gain = 0.000

Phase 3 Detail Placement

Phase 3.1 Commit Multi Column Macros
Phase 3.1 Commit Multi Column Macros | Checksum: 12363e2d1

Time (s): cpu = 00:00:07 ; elapsed = 00:00:04 . Memory (MB): peak = 1388.969 ; gain = 0.000

Phase 3.2 Commit Most Macros & LUTRAMs
Phase 3.2 Commit Most Macros & LUTRAMs | Checksum: 1a89981d7

Time (s): cpu = 00:00:07 ; elapsed = 00:00:04 . Memory (MB): peak = 1388.969 ; gain = 0.000

Phase 3.3 Area Swap Optimization
Phase 3.3 Area Swap Optimization | Checksum: bb70c23e

Time (s): cpu = 00:00:07 ; elapsed = 00:00:05 . Memory (MB): peak = 1388.969 ; gain = 0.000

Phase 3.4 Pipeline Register Optimization
Phase 3.4 Pipeline Register Optimization | Checksum: e2187281

Time (s): cpu = 00:00:07 ; elapsed = 00:00:05 . Memory (MB): peak = 1388.969 ; gain = 0.000

Phase 3.5 Timing Path Optimizer
Phase 3.5 Timing Path Optimizer | Checksum: e2187281

Time (s): cpu = 00:00:07 ; elapsed = 00:00:05 . Memory (MB): peak = 1388.969 ; gain = 0.000

Phase 3.6 Fast Optimization
Phase 3.6 Fast Optimization | Checksum: e2187281

Time (s): cpu = 00:00:07 ; elapsed = 00:00:05 . Memory (MB): peak = 1388.969 ; gain = 0.000

Phase 3.7 Small Shape Detail Placement
Phase 3.7 Small Shape Detail Placement | Checksum: 9ce733d1

Time (s): cpu = 00:00:08 ; elapsed = 00:00:05 . Memory (MB): peak = 1388.969 ; gain = 0.000

Phase 3.8 Re-assign LUT pins
Phase 3.8 Re-assign LUT pins | Checksum: 107a5657b

Time (s): cpu = 00:00:08 ; elapsed = 00:00:05 . Memory (MB): peak = 1388.969 ; gain = 0.000

Phase 3.9 Pipeline Register Optimization
Phase 3.9 Pipeline Register Optimization | Checksum: 107a5657b

Time (s): cpu = 00:00:08 ; elapsed = 00:00:05 . Memory (MB): peak = 1388.969 ; gain = 0.000

Phase 3.10 Fast Optimization
Phase 3.10 Fast Optimization | Checksum: 107a5657b

Time (s): cpu = 00:00:08 ; elapsed = 00:00:05 . Memory (MB): peak = 1388.969 ; gain = 0.000
Phase 3 Detail Placement | Checksum: 107a5657b

Time (s): cpu = 00:00:08 ; elapsed = 00:00:05 . Memory (MB): peak = 1388.969 ; gain = 0.000

Phase 4 Post Placement Optimization and Clean-Up

Phase 4.1 Post Commit Optimization
INFO: [Constraints 18-483] create_clock: no pin(s)/port(s)/net(s) specified as objects, only virtual clock 'clk_tx_virtual' will be created. If you don't want this, please specify pin(s)/ports(s)/net(s) as objects to the command. [c:/training/Basic_Dsgn_Analysis/lab/KC7xx/vhdl/wave_gen.srcs/constrs_1/imports/vhdl/wave_gen_timing.xdc:7]
INFO: [Timing 38-35] Done setting XDC timing constraints.

Phase 4.1.1 Post Placement Optimization
Post Placement Optimization Initialization | Checksum: 18053cd0f

Phase 4.1.1.1 BUFG Insertion
INFO: [Physopt 32-721] Multithreading enabled for phys_opt_design using a maximum of 2 CPUs
INFO: [Place 46-31] BUFG insertion identified 0 candidate nets, 0 success, 0 skipped for placement/routing, 0 skipped for timing, 0 skipped for netlist change reason.
Phase 4.1.1.1 BUFG Insertion | Checksum: 18053cd0f

Time (s): cpu = 00:00:08 ; elapsed = 00:00:06 . Memory (MB): peak = 1388.969 ; gain = 0.000
INFO: [Place 30-746] Post Placement Timing Summary WNS=0.241. For the most accurate timing information please run report_timing.
Phase 4.1.1 Post Placement Optimization | Checksum: 190814565

Time (s): cpu = 00:00:08 ; elapsed = 00:00:06 . Memory (MB): peak = 1388.969 ; gain = 0.000
Phase 4.1 Post Commit Optimization | Checksum: 190814565

Time (s): cpu = 00:00:08 ; elapsed = 00:00:06 . Memory (MB): peak = 1388.969 ; gain = 0.000

Phase 4.2 Post Placement Cleanup
Phase 4.2 Post Placement Cleanup | Checksum: 190814565

Time (s): cpu = 00:00:08 ; elapsed = 00:00:06 . Memory (MB): peak = 1388.969 ; gain = 0.000

Phase 4.3 Placer Reporting
Phase 4.3 Placer Reporting | Checksum: 190814565

Time (s): cpu = 00:00:08 ; elapsed = 00:00:06 . Memory (MB): peak = 1388.969 ; gain = 0.000

Phase 4.4 Final Placement Cleanup
Phase 4.4 Final Placement Cleanup | Checksum: 1edf4572a

Time (s): cpu = 00:00:08 ; elapsed = 00:00:06 . Memory (MB): peak = 1388.969 ; gain = 0.000
Phase 4 Post Placement Optimization and Clean-Up | Checksum: 1edf4572a

Time (s): cpu = 00:00:08 ; elapsed = 00:00:06 . Memory (MB): peak = 1388.969 ; gain = 0.000
Ending Placer Task | Checksum: 142cd7d47

Time (s): cpu = 00:00:08 ; elapsed = 00:00:06 . Memory (MB): peak = 1388.969 ; gain = 0.000
INFO: [Common 17-83] Releasing license: Implementation
78 Infos, 1 Warnings, 0 Critical Warnings and 0 Errors encountered.
place_design completed successfully
place_design: Time (s): cpu = 00:00:10 ; elapsed = 00:00:07 . Memory (MB): peak = 1388.969 ; gain = 0.000
INFO: [Timing 38-480] Writing timing data to binary archive.
Writing placer database...
Writing XDEF routing.
Writing XDEF routing logical nets.
Writing XDEF routing special nets.
Write XDEF Complete: Time (s): cpu = 00:00:01 ; elapsed = 00:00:00.225 . Memory (MB): peak = 1388.969 ; gain = 0.000
INFO: [Common 17-1381] The checkpoint 'c:/training/Basic_Dsgn_Analysis/lab/KC7xx/vhdl/wave_gen.runs/impl_1/wave_gen_placed.dcp' has been generated.
INFO: [runtcl-4] Executing : report_io -file wave_gen_io_placed.rpt
report_io: Time (s): cpu = 00:00:00 ; elapsed = 00:00:00.077 . Memory (MB): peak = 1388.969 ; gain = 0.000
INFO: [runtcl-4] Executing : report_utilization -file wave_gen_utilization_placed.rpt -pb wave_gen_utilization_placed.pb
report_utilization: Time (s): cpu = 00:00:00 ; elapsed = 00:00:00.047 . Memory (MB): peak = 1388.969 ; gain = 0.000
INFO: [runtcl-4] Executing : report_control_sets -verbose -file wave_gen_control_sets_placed.rpt
report_control_sets: Time (s): cpu = 00:00:00 ; elapsed = 00:00:00.006 . Memory (MB): peak = 1388.969 ; gain = 0.000
Command: route_design
Attempting to get a license for feature 'Implementation' and/or device 'xc7k70t'
INFO: [Common 17-349] Got license for feature 'Implementation' and/or device 'xc7k70t'
Running DRC as a precondition to command route_design
INFO: [DRC 23-27] Running DRC with 2 threads
INFO: [Vivado_Tcl 4-198] DRC finished with 0 Errors
INFO: [Vivado_Tcl 4-199] Please refer to the DRC report (report_drc) for more information.


Starting Routing Task
INFO: [Route 35-254] Multithreading enabled for route_design using a maximum of 2 CPUs
Checksum: PlaceDB: b37a8239 ConstDB: 0 ShapeSum: 8f52fb0e RouteDB: 0

Phase 1 Build RT Design
Phase 1 Build RT Design | Checksum: 1ed390cb4

Time (s): cpu = 00:00:16 ; elapsed = 00:00:13 . Memory (MB): peak = 1388.969 ; gain = 0.000
Post Restoration Checksum: NetGraph: fa65c2a7 NumContArr: f2d34a0d Constraints: 0 Timing: 0

Phase 2 Router Initialization

Phase 2.1 Create Timer
Phase 2.1 Create Timer | Checksum: 1ed390cb4

Time (s): cpu = 00:00:16 ; elapsed = 00:00:13 . Memory (MB): peak = 1388.969 ; gain = 0.000

Phase 2.2 Fix Topology Constraints
Phase 2.2 Fix Topology Constraints | Checksum: 1ed390cb4

Time (s): cpu = 00:00:16 ; elapsed = 00:00:13 . Memory (MB): peak = 1388.969 ; gain = 0.000

Phase 2.3 Pre Route Cleanup
Phase 2.3 Pre Route Cleanup | Checksum: 1ed390cb4

Time (s): cpu = 00:00:16 ; elapsed = 00:00:13 . Memory (MB): peak = 1388.969 ; gain = 0.000
 Number of Nodes with overlaps = 0

Phase 2.4 Update Timing
Phase 2.4 Update Timing | Checksum: 13b97c2a8

Time (s): cpu = 00:00:17 ; elapsed = 00:00:13 . Memory (MB): peak = 1403.738 ; gain = 14.770
INFO: [Route 35-416] Intermediate Timing Summary | WNS=0.272  | TNS=0.000  | WHS=-0.356 | THS=-26.942|

Phase 2 Router Initialization | Checksum: 15c219d5c

Time (s): cpu = 00:00:17 ; elapsed = 00:00:13 . Memory (MB): peak = 1403.738 ; gain = 14.770

Phase 3 Initial Routing
Phase 3 Initial Routing | Checksum: 20150b0f1

Time (s): cpu = 00:00:18 ; elapsed = 00:00:14 . Memory (MB): peak = 1403.738 ; gain = 14.770

Phase 4 Rip-up And Reroute

Phase 4.1 Global Iteration 0
 Number of Nodes with overlaps = 299
 Number of Nodes with overlaps = 82
 Number of Nodes with overlaps = 19
 Number of Nodes with overlaps = 9
 Number of Nodes with overlaps = 3
 Number of Nodes with overlaps = 0
INFO: [Route 35-416] Intermediate Timing Summary | WNS=0.275  | TNS=0.000  | WHS=N/A    | THS=N/A    |

Phase 4.1 Global Iteration 0 | Checksum: 28564441b

Time (s): cpu = 00:00:20 ; elapsed = 00:00:15 . Memory (MB): peak = 1403.738 ; gain = 14.770
Phase 4 Rip-up And Reroute | Checksum: 28564441b

Time (s): cpu = 00:00:20 ; elapsed = 00:00:15 . Memory (MB): peak = 1403.738 ; gain = 14.770

Phase 5 Delay and Skew Optimization

Phase 5.1 Delay CleanUp
Phase 5.1 Delay CleanUp | Checksum: 28564441b

Time (s): cpu = 00:00:20 ; elapsed = 00:00:15 . Memory (MB): peak = 1403.738 ; gain = 14.770

Phase 5.2 Clock Skew Optimization
Phase 5.2 Clock Skew Optimization | Checksum: 28564441b

Time (s): cpu = 00:00:20 ; elapsed = 00:00:15 . Memory (MB): peak = 1403.738 ; gain = 14.770
Phase 5 Delay and Skew Optimization | Checksum: 28564441b

Time (s): cpu = 00:00:20 ; elapsed = 00:00:15 . Memory (MB): peak = 1403.738 ; gain = 14.770

Phase 6 Post Hold Fix

Phase 6.1 Hold Fix Iter

Phase 6.1.1 Update Timing
Phase 6.1.1 Update Timing | Checksum: 2a738d37e

Time (s): cpu = 00:00:20 ; elapsed = 00:00:15 . Memory (MB): peak = 1403.738 ; gain = 14.770
INFO: [Route 35-416] Intermediate Timing Summary | WNS=0.097  | TNS=0.000  | WHS=0.092  | THS=0.000  |

Phase 6.1 Hold Fix Iter | Checksum: 2a738d37e

Time (s): cpu = 00:00:20 ; elapsed = 00:00:15 . Memory (MB): peak = 1403.738 ; gain = 14.770
Phase 6 Post Hold Fix | Checksum: 2a738d37e

Time (s): cpu = 00:00:20 ; elapsed = 00:00:15 . Memory (MB): peak = 1403.738 ; gain = 14.770

Phase 7 Route finalize

Router Utilization Summary
  Global Vertical Routing Utilization    = 0.21908 %
  Global Horizontal Routing Utilization  = 0.24591 %
  Routable Net Status*
  *Does not include unroutable nets such as driverless and loadless.
  Run report_route_status for detailed report.
  Number of Failed Nets               = 0
  Number of Unrouted Nets             = 0
  Number of Partially Routed Nets     = 0
  Number of Node Overlaps             = 0

Phase 7 Route finalize | Checksum: 294310d9c

Time (s): cpu = 00:00:20 ; elapsed = 00:00:15 . Memory (MB): peak = 1403.738 ; gain = 14.770

Phase 8 Verifying routed nets

 Verification completed successfully
Phase 8 Verifying routed nets | Checksum: 294310d9c

Time (s): cpu = 00:00:20 ; elapsed = 00:00:15 . Memory (MB): peak = 1403.957 ; gain = 14.988

Phase 9 Depositing Routes
Phase 9 Depositing Routes | Checksum: 288e0d93d

Time (s): cpu = 00:00:20 ; elapsed = 00:00:15 . Memory (MB): peak = 1403.957 ; gain = 14.988

Phase 10 Post Router Timing
INFO: [Route 35-57] Estimated Timing Summary | WNS=0.097  | TNS=0.000  | WHS=0.092  | THS=0.000  |

INFO: [Route 35-327] The final timing numbers are based on the router estimated timing analysis. For a complete and accurate timing signoff, please run report_timing_summary.
Phase 10 Post Router Timing | Checksum: 288e0d93d

Time (s): cpu = 00:00:20 ; elapsed = 00:00:15 . Memory (MB): peak = 1403.957 ; gain = 14.988
INFO: [Route 35-16] Router Completed Successfully

Time (s): cpu = 00:00:20 ; elapsed = 00:00:15 . Memory (MB): peak = 1403.957 ; gain = 14.988

Routing Is Done.
INFO: [Common 17-83] Releasing license: Implementation
95 Infos, 1 Warnings, 0 Critical Warnings and 0 Errors encountered.
route_design completed successfully
route_design: Time (s): cpu = 00:00:23 ; elapsed = 00:00:17 . Memory (MB): peak = 1403.957 ; gain = 14.988
INFO: [Timing 38-480] Writing timing data to binary archive.
Writing placer database...
Writing XDEF routing.
Writing XDEF routing logical nets.
Writing XDEF routing special nets.
Write XDEF Complete: Time (s): cpu = 00:00:01 ; elapsed = 00:00:00.278 . Memory (MB): peak = 1407.605 ; gain = 3.648
INFO: [Common 17-1381] The checkpoint 'c:/training/Basic_Dsgn_Analysis/lab/KC7xx/vhdl/wave_gen.runs/impl_1/wave_gen_routed.dcp' has been generated.
INFO: [runtcl-4] Executing : report_drc -file wave_gen_drc_routed.rpt -pb wave_gen_drc_routed.pb -rpx wave_gen_drc_routed.rpx
Command: report_drc -file wave_gen_drc_routed.rpt -pb wave_gen_drc_routed.pb -rpx wave_gen_drc_routed.rpx
INFO: [DRC 23-27] Running DRC with 2 threads
INFO: [Coretcl 2-168] The results of DRC are in file c:/training/Basic_Dsgn_Analysis/lab/KC7xx/vhdl/wave_gen.runs/impl_1/wave_gen_drc_routed.rpt.
report_drc completed successfully
INFO: [runtcl-4] Executing : report_methodology -file wave_gen_methodology_drc_routed.rpt -pb wave_gen_methodology_drc_routed.pb -rpx wave_gen_methodology_drc_routed.rpx
Command: report_methodology -file wave_gen_methodology_drc_routed.rpt -pb wave_gen_methodology_drc_routed.pb -rpx wave_gen_methodology_drc_routed.rpx
INFO: [Constraints 18-483] create_clock: no pin(s)/port(s)/net(s) specified as objects, only virtual clock 'clk_tx_virtual' will be created. If you don't want this, please specify pin(s)/ports(s)/net(s) as objects to the command. [c:/training/Basic_Dsgn_Analysis/lab/KC7xx/vhdl/wave_gen.srcs/constrs_1/imports/vhdl/wave_gen_timing.xdc:7]
INFO: [Timing 38-35] Done setting XDC timing constraints.
INFO: [Constraints 18-483] create_clock: no pin(s)/port(s)/net(s) specified as objects, only virtual clock 'clk_tx_virtual' will be created. If you don't want this, please specify pin(s)/ports(s)/net(s) as objects to the command. [c:/training/Basic_Dsgn_Analysis/lab/KC7xx/vhdl/wave_gen.srcs/constrs_1/imports/vhdl/wave_gen_timing.xdc:7]
INFO: [Timing 38-35] Done setting XDC timing constraints.
INFO: [DRC 23-133] Running Methodology with 2 threads
INFO: [Coretcl 2-1520] The results of Report Methodology are in file c:/training/Basic_Dsgn_Analysis/lab/KC7xx/vhdl/wave_gen.runs/impl_1/wave_gen_methodology_drc_routed.rpt.
report_methodology completed successfully
INFO: [runtcl-4] Executing : report_power -file wave_gen_power_routed.rpt -pb wave_gen_power_summary_routed.pb -rpx wave_gen_power_routed.rpx
Command: report_power -file wave_gen_power_routed.rpt -pb wave_gen_power_summary_routed.pb -rpx wave_gen_power_routed.rpx
INFO: [Constraints 18-483] create_clock: no pin(s)/port(s)/net(s) specified as objects, only virtual clock 'clk_tx_virtual' will be created. If you don't want this, please specify pin(s)/ports(s)/net(s) as objects to the command. [c:/training/Basic_Dsgn_Analysis/lab/KC7xx/vhdl/wave_gen.srcs/constrs_1/imports/vhdl/wave_gen_timing.xdc:7]
INFO: [Timing 38-35] Done setting XDC timing constraints.
Running Vector-less Activity Propagation...

Finished Running Vector-less Activity Propagation
110 Infos, 1 Warnings, 0 Critical Warnings and 0 Errors encountered.
report_power completed successfully
INFO: [runtcl-4] Executing : report_route_status -file wave_gen_route_status.rpt -pb wave_gen_route_status.pb
INFO: [runtcl-4] Executing : report_timing_summary -max_paths 10 -file wave_gen_timing_summary_routed.rpt -pb wave_gen_timing_summary_routed.pb -rpx wave_gen_timing_summary_routed.rpx -warn_on_violation 
INFO: [Timing 38-91] UpdateTimingParams: Speed grade: -2, Delay Type: min_max, Timing Stage: Requireds.
INFO: [Timing 38-191] Multithreading enabled for timing update using a maximum of 2 CPUs
INFO: [runtcl-4] Executing : report_incremental_reuse -file wave_gen_incremental_reuse_routed.rpt
INFO: [Vivado_Tcl 4-545] No incremental reuse to report, no incremental placement and routing data was found.
INFO: [runtcl-4] Executing : report_clock_utilization -file wave_gen_clock_utilization_routed.rpt
INFO: [runtcl-4] Executing : report_bus_skew -warn_on_violation -file route_report_bus_skew_0.rpt -rpx route_report_bus_skew_0.rpx
INFO: [Timing 38-91] UpdateTimingParams: Speed grade: -2, Delay Type: min_max, Timing Stage: Requireds.
INFO: [Timing 38-191] Multithreading enabled for timing update using a maximum of 2 CPUs
INFO: [Common 17-206] Exiting Vivado at Tue Apr 10 13:36:06 2018...
