Copyright 1986-2018 Xilinx, Inc. All Rights Reserved.
-------------------------------------------------------------------------------------
| Tool Version : Vivado v.2018.1 (win64) Build 2188600 Wed Apr  4 18:40:38 MDT 2018
| Date         : Tue Apr 10 13:44:09 2018
| Host         : XHDJAYESHK30 running 64-bit Service Pack 1  (build 7601)
| Command      : report_control_sets -verbose -file wave_gen_control_sets_placed.rpt
| Design       : wave_gen
| Device       : xcku040
-------------------------------------------------------------------------------------

Control Set Information

Table of Contents
-----------------
1. Summary
2. Histogram
3. Flip-Flop Distribution
4. Detailed Control Set Information

1. Summary
----------

+----------------------------------------------------------+-------+
|                          Status                          | Count |
+----------------------------------------------------------+-------+
| Number of unique control sets                            |    42 |
| Unused register locations in slices containing registers |    34 |
+----------------------------------------------------------+-------+


2. Histogram
------------

+--------+--------------+
| Fanout | Control Sets |
+--------+--------------+
|      2 |            7 |
|      3 |            6 |
|      4 |            5 |
|      7 |            1 |
|      8 |            2 |
|     10 |            2 |
|     11 |            3 |
|     12 |            2 |
|    16+ |           14 |
+--------+--------------+


3. Flip-Flop Distribution
-------------------------

+--------------+-----------------------+------------------------+-----------------+--------------+
| Clock Enable | Synchronous Set/Reset | Asynchronous Set/Reset | Total Registers | Total Slices |
+--------------+-----------------------+------------------------+-----------------+--------------+
| No           | No                    | No                     |              11 |            6 |
| No           | No                    | Yes                    |               6 |            2 |
| No           | Yes                   | No                     |             122 |           30 |
| Yes          | No                    | No                     |              43 |           10 |
| Yes          | No                    | Yes                    |               0 |            0 |
| Yes          | Yes                   | No                     |             268 |           46 |
+--------------+-----------------------+------------------------+-----------------+--------------+


4. Detailed Control Set Information
-----------------------------------

+---------------------------------------+-----------------------------------------------------------+----------------------------------------------+------------------+----------------+
|              Clock Signal             |                       Enable Signal                       |               Set/Reset Signal               | Slice Load Count | Bel Load Count |
+---------------------------------------+-----------------------------------------------------------+----------------------------------------------+------------------+----------------+
|  clk_gen_i0/clk_core_i0/inst/clk_out1 |                                                           | rst_gen_i0/int_rst                           |                1 |              2 |
|  clk_gen_i0/clk_core_i0/inst/clk_out2 |                                                           | rst_gen_i0/int_rst                           |                1 |              2 |
|  clk_gen_i0/clk_core_i0/inst/clk_out1 | cmd_parse_i0/send_resp_type[1]_i_1_n_0                    | rst_gen_i0/reset_bridge_clk_rx_i0/rst_dst    |                1 |              2 |
|  clk_gen_i0/clk_samp                  |                                                           | rst_gen_i0/int_rst                           |                0 |              2 |
|  clk_gen_i0/clk_core_i0/inst/clk_out1 | resp_gen_i0/to_bcd_i0/val_d1                              | resp_gen_i0/to_bcd_i0/bcd_out[14]_i_1_n_0    |                0 |              2 |
|  clk_gen_i0/clk_core_i0/inst/clk_out1 | resp_gen_i0/to_bcd_i0/val_d1                              | resp_gen_i0/to_bcd_i0/bcd_out[6]_i_1_n_0     |                0 |              2 |
|  clk_gen_i0/clk_core_i0/inst/clk_out1 | resp_gen_i0/to_bcd_i0/val_d1                              | resp_gen_i0/to_bcd_i0/bcd_out[10]_i_1_n_0    |                1 |              2 |
|  clk_gen_i0/clk_core_i0/inst/clk_out1 | uart_rx_i0/uart_rx_ctl_i0/over_sample_cnt[2]_i_1_n_0      | rst_gen_i0/reset_bridge_clk_rx_i0/rst_dst    |                1 |              3 |
|  clk_gen_i0/clk_core_i0/inst/clk_out2 | uart_tx_i0/uart_tx_ctl_i0/bit_cnt[2]_i_2_n_0              | uart_tx_i0/uart_tx_ctl_i0/bit_cnt[2]_i_1_n_0 |                0 |              3 |
|  clk_gen_i0/clk_core_i0/inst/clk_out1 | uart_rx_i0/uart_rx_ctl_i0/bit_cnt[2]_i_2_n_0              | uart_rx_i0/uart_rx_ctl_i0/bit_cnt[2]_i_1_n_0 |                1 |              3 |
|  clk_gen_i0/clk_core_i0/inst/clk_out1 | cmd_parse_i0/arg_cnt                                      | rst_gen_i0/reset_bridge_clk_rx_i0/rst_dst    |                2 |              3 |
|  clk_gen_i0/clk_core_i0/inst/clk_out1 | cmd_parse_i0/FSM_sequential_state[2]_i_1_n_0              | rst_gen_i0/reset_bridge_clk_rx_i0/rst_dst    |                1 |              3 |
|  clk_gen_i0/clk_core_i0/inst/clk_out2 |                                                           |                                              |                2 |              3 |
|  clk_gen_i0/clk_core_i0/inst/clk_out1 | uart_rx_i0/uart_rx_ctl_i0/FSM_sequential_state[1]_i_1_n_0 | rst_gen_i0/reset_bridge_clk_rx_i0/rst_dst    |                1 |              4 |
|  clk_gen_i0/clk_core_i0/inst/clk_out1 | resp_gen_i0/char_cnt                                      | resp_gen_i0/char_cnt[3]_i_1_n_0              |                1 |              4 |
|  clk_gen_i0/clk_core_i0/inst/clk_out2 | dac_spi_i0/bit_cnt[4]_i_1_n_0                             | rst_gen_i0/reset_bridge_clk_tx_i0/rst_dst    |                1 |              4 |
|  clk_gen_i0/clk_core_i0/inst/clk_out2 | uart_tx_i0/uart_tx_ctl_i0/FSM_sequential_state[1]_i_1_n_0 | rst_gen_i0/reset_bridge_clk_tx_i0/rst_dst    |                1 |              4 |
|  clk_gen_i0/clk_core_i0/inst/clk_out2 | uart_tx_i0/uart_tx_ctl_i0/over_sample_cnt[3]_i_1_n_0      | rst_gen_i0/reset_bridge_clk_tx_i0/rst_dst    |                1 |              4 |
|  clk_gen_i0/clk_core_i0/inst/clk_out1 | cmd_parse_i0/cur_cmd                                      | rst_gen_i0/reset_bridge_clk_rx_i0/rst_dst    |                0 |              7 |
|  clk_gen_i0/clk_core_i0/inst/clk_out1 | cmd_parse_i0/p_27_in                                      | rst_gen_i0/reset_bridge_clk_rx_i0/rst_dst    |                5 |              8 |
|  clk_gen_i0/clk_core_i0/inst/clk_out1 |                                                           |                                              |                4 |              8 |
|  clk_gen_i0/clk_core_i0/inst/clk_out1 | cmd_parse_i0/cmd_samp_ram_addr[9]_i_1_n_0                 | rst_gen_i0/reset_bridge_clk_rx_i0/rst_dst    |                1 |             10 |
|  clk_gen_i0/clk_samp                  | samp_gen_i0/samp_cnt0                                     | samp_gen_i0/samp_cnt[9]_i_1_n_0              |                4 |             10 |
|  clk_gen_i0/clk_core_i0/inst/clk_out1 | cmd_parse_i0/nsamp_new_clk_rx                             | rst_gen_i0/reset_bridge_clk_rx_i0/rst_dst    |                0 |             11 |
|  clk_gen_i0/clk_core_i0/inst/clk_out1 | cmd_parse_i0/nsamp                                        | rst_gen_i0/reset_bridge_clk_rx_i0/rst_dst    |                2 |             11 |
|  clk_gen_i0/clk_core_i0/inst/clk_out2 | clkx_nsamp_i0/bus_dst[10]_i_1_n_0                         |                                              |                3 |             11 |
|  clk_gen_i0/clk_core_i0/inst/clk_out1 | resp_gen_i0/to_bcd_i0/val_d1                              | rst_gen_i0/reset_bridge_clk_rx_i0/rst_dst    |                6 |             12 |
|  clk_gen_i0/clk_samp                  |                                                           | rst_gen_i0/reset_bridge_clk_samp_i0/rst_dst  |                3 |             12 |
|  clk_gen_i0/clk_core_i0/inst/clk_out1 | cmd_parse_i0/send_resp_data[15]_i_1_n_0                   | rst_gen_i0/reset_bridge_clk_rx_i0/rst_dst    |                1 |             16 |
|  clk_gen_i0/clk_core_i0/inst/clk_out1 | cmd_parse_i0/pre_new_clk_rx                               | rst_gen_i0/reset_bridge_clk_rx_i0/rst_dst    |                1 |             16 |
|  clk_gen_i0/clk_core_i0/inst/clk_out1 | cmd_parse_i0/spd_new_clk_rx                               | rst_gen_i0/reset_bridge_clk_rx_i0/rst_dst    |                0 |             16 |
|  clk_gen_i0/clk_core_i0/inst/clk_out1 | cmd_parse_i0/speed                                        | rst_gen_i0/reset_bridge_clk_rx_i0/rst_dst    |                0 |             16 |
|  clk_gen_i0/clk_core_i0/inst/clk_out1 | cmd_parse_i0/prescale                                     | rst_gen_i0/reset_bridge_clk_rx_i0/rst_dst    |                1 |             16 |
|  clk_gen_i0/clk_core_i0/inst/clk_out2 | clkx_pre_i0/bus_dst[15]_i_1_n_0                           |                                              |                3 |             16 |
|  clk_gen_i0/clk_core_i0/inst/clk_out2 | clkx_spd_i0/bus_dst[15]_i_1_n_0                           |                                              |                4 |             16 |
|  clk_gen_i0/clk_core_i0/inst/clk_out1 | cmd_parse_i0/cmd_samp_ram_din[15]_i_1_n_0                 | rst_gen_i0/reset_bridge_clk_rx_i0/rst_dst    |                1 |             16 |
|  clk_gen_i0/clk_samp                  | samp_gen_i0/speed_cnt[15]_i_1_n_0                         | rst_gen_i0/reset_bridge_clk_samp_i0/rst_dst  |                2 |             16 |
|  clk_gen_i0/clk_samp                  | samp_gen_i0/read_done                                     | rst_gen_i0/reset_bridge_clk_samp_i0/rst_dst  |                3 |             16 |
|  clk_gen_i0/clk_core_i0/inst/clk_out2 |                                                           | lb_ctl_i0/debouncer_i0/cnt[17]_i_1_n_0       |                2 |             18 |
|  clk_gen_i0/clk_core_i0/inst/clk_out1 | cmd_parse_i0/arg_sav                                      | rst_gen_i0/reset_bridge_clk_rx_i0/rst_dst    |                7 |             28 |
|  clk_gen_i0/clk_core_i0/inst/clk_out1 |                                                           | rst_gen_i0/reset_bridge_clk_rx_i0/rst_dst    |               10 |             37 |
|  clk_gen_i0/clk_core_i0/inst/clk_out2 |                                                           | rst_gen_i0/reset_bridge_clk_tx_i0/rst_dst    |               15 |             55 |
+---------------------------------------+-----------------------------------------------------------+----------------------------------------------+------------------+----------------+


